<?xml version="1.0" encoding="UTF-8"?>
<testng-results ignored="0" total="1" passed="1" failed="0" skipped="0">
  <reporter-output>
  </reporter-output>
  <suite started-at="2024-09-10T16:26:55 IST" name="Suite" finished-at="2024-09-10T16:26:59 IST" duration-ms="3797">
    <groups>
      <group name="regressionTest">
        <method signature="ContactTest.modifyContactTest()[pri:0, instance:pac1.ContactTest@78e4deb0]" name="modifyContactTest" class="pac1.ContactTest"/>
      </group> <!-- regressionTest -->
    </groups>
    <test started-at="2024-09-10T16:26:55 IST" name="Test" finished-at="2024-09-10T16:26:59 IST" duration-ms="3797">
      <class name="pac1.ContactTest">
        <test-method is-config="true" signature="configBS()[pri:0, instance:pac1.ContactTest@78e4deb0]" started-at="2024-09-10T16:26:55 IST" name="configBS" finished-at="2024-09-10T16:26:55 IST" duration-ms="13" status="PASS">
          <reporter-output>
          </reporter-output>
        </test-method> <!-- configBS -->
        <test-method is-config="true" signature="configBC()[pri:0, instance:pac1.ContactTest@78e4deb0]" started-at="2024-09-10T16:26:55 IST" name="configBC" finished-at="2024-09-10T16:26:57 IST" duration-ms="2275" status="PASS">
          <reporter-output>
          </reporter-output>
        </test-method> <!-- configBC -->
        <test-method is-config="true" signature="configBM()[pri:0, instance:pac1.ContactTest@78e4deb0]" started-at="2024-09-10T16:26:57 IST" name="configBM" finished-at="2024-09-10T16:26:58 IST" duration-ms="1299" status="PASS">
          <reporter-output>
          </reporter-output>
        </test-method> <!-- configBM -->
        <test-method signature="modifyContactTest()[pri:0, instance:pac1.ContactTest@78e4deb0]" started-at="2024-09-10T16:26:58 IST" name="modifyContactTest" finished-at="2024-09-10T16:26:58 IST" duration-ms="9" status="PASS">
          <reporter-output>
          </reporter-output>
        </test-method> <!-- modifyContactTest -->
        <test-method is-config="true" signature="configAM()[pri:0, instance:pac1.ContactTest@78e4deb0]" started-at="2024-09-10T16:26:58 IST" name="configAM" finished-at="2024-09-10T16:26:58 IST" duration-ms="1" status="PASS">
          <reporter-output>
          </reporter-output>
        </test-method> <!-- configAM -->
        <test-method is-config="true" signature="configAC()[pri:0, instance:pac1.ContactTest@78e4deb0]" started-at="2024-09-10T16:26:58 IST" name="configAC" finished-at="2024-09-10T16:26:59 IST" duration-ms="151" status="PASS">
          <reporter-output>
          </reporter-output>
        </test-method> <!-- configAC -->
        <test-method is-config="true" signature="configAS()[pri:0, instance:pac1.ContactTest@78e4deb0]" started-at="2024-09-10T16:26:59 IST" name="configAS" finished-at="2024-09-10T16:26:59 IST" duration-ms="1" status="PASS">
          <reporter-output>
          </reporter-output>
        </test-method> <!-- configAS -->
      </class> <!-- pac1.ContactTest -->
    </test> <!-- Test -->
  </suite> <!-- Suite -->
</testng-results>
