<?xml version="1.0" encoding="UTF-8"?>
<testng-results ignored="0" total="4" passed="4" failed="0" skipped="0">
  <reporter-output>
  </reporter-output>
  <suite started-at="2024-09-11T12:40:50 IST" name="Suite" finished-at="2024-09-11T12:40:59 IST" duration-ms="8622">
    <groups>
      <group name="regressionTest">
        <method signature="ContactTest.modifyContactTest()[pri:0, instance:pac1.ContactTest@26d9b808]" name="modifyContactTest" class="pac1.ContactTest"/>
        <method signature="OrgTest.modifyContactTest()[pri:0, instance:pac2.OrgTest@6d4d66d2]" name="modifyContactTest" class="pac2.OrgTest"/>
      </group> <!-- regressionTest -->
      <group name="smokeTest">
        <method signature="ContactTest.createContactTest()[pri:0, instance:pac1.ContactTest@26d9b808]" name="createContactTest" class="pac1.ContactTest"/>
        <method signature="OrgTest.createOrgTest()[pri:0, instance:pac2.OrgTest@6d4d66d2]" name="createOrgTest" class="pac2.OrgTest"/>
      </group> <!-- smokeTest -->
    </groups>
    <test started-at="2024-09-11T12:40:50 IST" name="Test" finished-at="2024-09-11T12:40:59 IST" duration-ms="8622">
      <class name="pac1.ContactTest">
        <test-method is-config="true" signature="configBS()[pri:0, instance:pac1.ContactTest@26d9b808]" started-at="2024-09-11T12:40:50 IST" name="configBS" finished-at="2024-09-11T12:40:50 IST" duration-ms="24" status="PASS">
          <reporter-output>
          </reporter-output>
        </test-method> <!-- configBS -->
        <test-method is-config="true" signature="configBC()[pri:0, instance:pac1.ContactTest@26d9b808]" started-at="2024-09-11T12:40:50 IST" name="configBC" finished-at="2024-09-11T12:40:52 IST" duration-ms="2238" status="PASS">
          <reporter-output>
          </reporter-output>
        </test-method> <!-- configBC -->
        <test-method is-config="true" signature="configBM()[pri:0, instance:pac1.ContactTest@26d9b808]" started-at="2024-09-11T12:40:52 IST" name="configBM" finished-at="2024-09-11T12:40:54 IST" duration-ms="1263" status="PASS">
          <reporter-output>
          </reporter-output>
        </test-method> <!-- configBM -->
        <test-method signature="createContactTest()[pri:0, instance:pac1.ContactTest@26d9b808]" started-at="2024-09-11T12:40:54 IST" name="createContactTest" finished-at="2024-09-11T12:40:54 IST" duration-ms="6" status="PASS">
          <reporter-output>
          </reporter-output>
        </test-method> <!-- createContactTest -->
        <test-method is-config="true" signature="configAM()[pri:0, instance:pac1.ContactTest@26d9b808]" started-at="2024-09-11T12:40:54 IST" name="configAM" finished-at="2024-09-11T12:40:54 IST" duration-ms="1" status="PASS">
          <reporter-output>
          </reporter-output>
        </test-method> <!-- configAM -->
        <test-method is-config="true" signature="configBM()[pri:0, instance:pac1.ContactTest@26d9b808]" started-at="2024-09-11T12:40:54 IST" name="configBM" finished-at="2024-09-11T12:40:55 IST" duration-ms="916" status="PASS">
          <reporter-output>
          </reporter-output>
        </test-method> <!-- configBM -->
        <test-method signature="modifyContactTest()[pri:0, instance:pac1.ContactTest@26d9b808]" started-at="2024-09-11T12:40:55 IST" name="modifyContactTest" finished-at="2024-09-11T12:40:55 IST" duration-ms="0" status="PASS">
          <reporter-output>
          </reporter-output>
        </test-method> <!-- modifyContactTest -->
        <test-method is-config="true" signature="configAM()[pri:0, instance:pac1.ContactTest@26d9b808]" started-at="2024-09-11T12:40:55 IST" name="configAM" finished-at="2024-09-11T12:40:55 IST" duration-ms="0" status="PASS">
          <reporter-output>
          </reporter-output>
        </test-method> <!-- configAM -->
        <test-method is-config="true" signature="configAC()[pri:0, instance:pac1.ContactTest@26d9b808]" started-at="2024-09-11T12:40:55 IST" name="configAC" finished-at="2024-09-11T12:40:55 IST" duration-ms="128" status="PASS">
          <reporter-output>
          </reporter-output>
        </test-method> <!-- configAC -->
        <test-method is-config="true" signature="configAS()[pri:0, instance:pac1.ContactTest@26d9b808]" started-at="2024-09-11T12:40:59 IST" name="configAS" finished-at="2024-09-11T12:40:59 IST" duration-ms="1" status="PASS">
          <reporter-output>
          </reporter-output>
        </test-method> <!-- configAS -->
      </class> <!-- pac1.ContactTest -->
      <class name="pac2.OrgTest">
        <test-method is-config="true" signature="configBC()[pri:0, instance:pac2.OrgTest@6d4d66d2]" started-at="2024-09-11T12:40:55 IST" name="configBC" finished-at="2024-09-11T12:40:56 IST" duration-ms="1579" status="PASS">
          <reporter-output>
          </reporter-output>
        </test-method> <!-- configBC -->
        <test-method is-config="true" signature="configBM()[pri:0, instance:pac2.OrgTest@6d4d66d2]" started-at="2024-09-11T12:40:56 IST" name="configBM" finished-at="2024-09-11T12:40:58 IST" duration-ms="1367" status="PASS">
          <reporter-output>
          </reporter-output>
        </test-method> <!-- configBM -->
        <test-method signature="createOrgTest()[pri:0, instance:pac2.OrgTest@6d4d66d2]" started-at="2024-09-11T12:40:58 IST" name="createOrgTest" finished-at="2024-09-11T12:40:58 IST" duration-ms="2" status="PASS">
          <reporter-output>
          </reporter-output>
        </test-method> <!-- createOrgTest -->
        <test-method is-config="true" signature="configAM()[pri:0, instance:pac2.OrgTest@6d4d66d2]" started-at="2024-09-11T12:40:58 IST" name="configAM" finished-at="2024-09-11T12:40:58 IST" duration-ms="1" status="PASS">
          <reporter-output>
          </reporter-output>
        </test-method> <!-- configAM -->
        <test-method is-config="true" signature="configBM()[pri:0, instance:pac2.OrgTest@6d4d66d2]" started-at="2024-09-11T12:40:58 IST" name="configBM" finished-at="2024-09-11T12:40:58 IST" duration-ms="909" status="PASS">
          <reporter-output>
          </reporter-output>
        </test-method> <!-- configBM -->
        <test-method signature="modifyContactTest()[pri:0, instance:pac2.OrgTest@6d4d66d2]" started-at="2024-09-11T12:40:58 IST" name="modifyContactTest" finished-at="2024-09-11T12:40:58 IST" duration-ms="0" status="PASS">
          <reporter-output>
          </reporter-output>
        </test-method> <!-- modifyContactTest -->
        <test-method is-config="true" signature="configAM()[pri:0, instance:pac2.OrgTest@6d4d66d2]" started-at="2024-09-11T12:40:58 IST" name="configAM" finished-at="2024-09-11T12:40:59 IST" duration-ms="1" status="PASS">
          <reporter-output>
          </reporter-output>
        </test-method> <!-- configAM -->
        <test-method is-config="true" signature="configAC()[pri:0, instance:pac2.OrgTest@6d4d66d2]" started-at="2024-09-11T12:40:59 IST" name="configAC" finished-at="2024-09-11T12:40:59 IST" duration-ms="163" status="PASS">
          <reporter-output>
          </reporter-output>
        </test-method> <!-- configAC -->
      </class> <!-- pac2.OrgTest -->
    </test> <!-- Test -->
  </suite> <!-- Suite -->
</testng-results>
